[I 2024-09-01 07:43:21,297] Trial 43 finished with value: inf and parameters: {'learning_rate': 2.267874354947252e-05, 'batch_size': 5, 'n_layers': 21, 'n_heads': 7, 'dim': 1280, 'hidden_dim': 2560, 'weight_decay': 2.743180408103372e-05, 'warmup_epochs': 20, 'beta1': 0.9205795069368929, 'beta2': 0.9174867496285335, 'temperature': 1.4555676130102113, 'accum_grad': 11}. Best is trial 1 with value: 1.535202145576477.
[I 2024-09-01 09:24:19,935] Trial 44 finished with value: 1.6918697357177734 and parameters: {'learning_rate': 4.266501004462222e-06, 'batch_size': 4, 'n_layers': 13, 'n_heads': 6, 'dim': 1536, 'hidden_dim': 6144, 'weight_decay': 1.7640267347287653e-05, 'warmup_epochs': 35, 'beta1': 0.9486161600080544, 'beta2': 0.9712857211075819, 'temperature': 1.388634567851956, 'accum_grad': 12}. Best is trial 1 with value: 1.535202145576477.
[I 2024-09-01 11:05:01,235] Trial 45 finished with value: 1.4485596418380737 and parameters: {'learning_rate': 3.769757300217481e-06, 'batch_size': 4, 'n_layers': 13, 'n_heads': 6, 'dim': 1536, 'hidden_dim': 6144, 'weight_decay': 7.371194086908685e-06, 'warmup_epochs': 36, 'beta1': 0.9026654974735073, 'beta2': 0.9703640891234611, 'temperature': 1.2691553399399145, 'accum_grad': 12}. Best is trial 45 with value: 1.4485596418380737.
[I 2024-09-01 11:05:01,289] Trial 46 finished with value: inf and parameters: {'learning_rate': 3.939406956519489e-06, 'batch_size': 4, 'n_layers': 13, 'n_heads': 5, 'dim': 1792, 'hidden_dim': 7168, 'weight_decay': 6.640129626650427e-06, 'warmup_epochs': 35, 'beta1': 0.9428733586434892, 'beta2': 0.9648646545631874, 'temperature': 1.2024453276019993, 'accum_grad': 12}. Best is trial 45 with value: 1.4485596418380737.
[I 2024-09-01 12:53:09,053] Trial 47 finished with value: 2.1709742546081543 and parameters: {'learning_rate': 7.755263189270839e-06, 'batch_size': 4, 'n_layers': 14, 'n_heads': 6, 'dim': 1536, 'hidden_dim': 6144, 'weight_decay': 3.4346000435201777e-06, 'warmup_epochs': 59, 'beta1': 0.9022343703369831, 'beta2': 0.9728917127309674, 'temperature': 1.271523091568635, 'accum_grad': 12}. Best is trial 45 with value: 1.4485596418380737.
[I 2024-09-01 12:53:09,107] Trial 48 finished with value: inf and parameters: {'learning_rate': 1.0215466130356391e-05, 'batch_size': 4, 'n_layers': 12, 'n_heads': 5, 'dim': 1792, 'hidden_dim': 8960, 'weight_decay': 1.318615458223334e-05, 'warmup_epochs': 53, 'beta1': 0.9284622569307522, 'beta2': 0.9805930977784668, 'temperature': 1.493762916762726, 'accum_grad': 13}. Best is trial 45 with value: 1.4485596418380737.
[I 2024-09-01 13:00:41,172] Trial 49 finished with value: inf and parameters: {'learning_rate': 2.9680571721890595e-06, 'batch_size': 6, 'n_layers': 15, 'n_heads': 4, 'dim': 1536, 'hidden_dim': 6144, 'weight_decay': 5.2389700415329816e-05, 'warmup_epochs': 175, 'beta1': 0.8619355865221829, 'beta2': 0.9580064996128441, 'temperature': 1.358648264933644, 'accum_grad': 13}. Best is trial 45 with value: 1.4485596418380737.
Model: SST | Testing: False | Cross validation: False | Epochs: 400
Model: SST | Testing: False | Cross validation: False | Epochs: 400
Model: SST | Testing: False | Cross validation: False | Epochs: 400
Model: SST | Testing: False | Cross validation: False | Epochs: 400
Model: SST | Testing: False | Cross validation: False | Epochs: 400
Model: SST | Testing: False | Cross validation: False | Epochs: 400
Model: SST | Testing: False | Cross validation: False | Epochs: 400
Model: SST | Testing: False | Cross validation: False | Epochs: 400
CUDA OOM error: CUDA out of memory. Tried to allocate 36.00 MiB. GPU 0 has a total capacity of 9.50 GiB of which 6.00 MiB is free. Including non-PyTorch memory, this process has 9.47 GiB memory in use. Of the allocated memory 9.14 GiB is allocated by PyTorch, and 229.23 MiB is reserved by PyTorch but unallocated. If reserved but unallocated memory is large try setting PYTORCH_CUDA_ALLOC_CONF=expandable_segments:True to avoid fragmentation.  See documentation for Memory Management  (https://pytorch.org/docs/stable/notes/cuda.html#environment-variables)
Model: SST | Testing: False | Cross validation: False | Epochs: 400
Model: SST | Testing: False | Cross validation: False | Epochs: 400
Model: SST | Testing: False | Cross validation: False | Epochs: 400
Model: SST | Testing: False | Cross validation: False | Epochs: 400
Model: SST | Testing: False | Cross validation: False | Epochs: 400
Model: SST | Testing: False | Cross validation: False | Epochs: 400
CUDA OOM error: CUDA out of memory. Tried to allocate 54.00 MiB. GPU 0 has a total capacity of 9.50 GiB of which 36.00 MiB is free. Including non-PyTorch memory, this process has 9.45 GiB memory in use. Of the allocated memory 9.12 GiB is allocated by PyTorch, and 224.01 MiB is reserved by PyTorch but unallocated. If reserved but unallocated memory is large try setting PYTORCH_CUDA_ALLOC_CONF=expandable_segments:True to avoid fragmentation.  See documentation for Memory Management  (https://pytorch.org/docs/stable/notes/cuda.html#environment-variables)
Model: SST | Testing: False | Cross validation: False | Epochs: 400
CUDA OOM error: CUDA out of memory. Tried to allocate 20.00 MiB. GPU 0 has a total capacity of 9.50 GiB of which 4.00 MiB is free. Including non-PyTorch memory, this process has 9.48 GiB memory in use. Of the allocated memory 9.06 GiB is allocated by PyTorch, and 320.10 MiB is reserved by PyTorch but unallocated. If reserved but unallocated memory is large try setting PYTORCH_CUDA_ALLOC_CONF=expandable_segments:True to avoid fragmentation.  See documentation for Memory Management  (https://pytorch.org/docs/stable/notes/cuda.html#environment-variables)
Model: SST | Testing: False | Cross validation: False | Epochs: 400
Model: SST | Testing: False | Cross validation: False | Epochs: 400
Model: SST | Testing: False | Cross validation: False | Epochs: 400
Model: SST | Testing: False | Cross validation: False | Epochs: 400
CUDA OOM error: CUDA out of memory. Tried to allocate 38.00 MiB. GPU 0 has a total capacity of 9.50 GiB of which 30.00 MiB is free. Including non-PyTorch memory, this process has 9.45 GiB memory in use. Of the allocated memory 9.07 GiB is allocated by PyTorch, and 281.72 MiB is reserved by PyTorch but unallocated. If reserved but unallocated memory is large try setting PYTORCH_CUDA_ALLOC_CONF=expandable_segments:True to avoid fragmentation.  See documentation for Memory Management  (https://pytorch.org/docs/stable/notes/cuda.html#environment-variables)
Model: SST | Testing: False | Cross validation: False | Epochs: 400
Model: SST | Testing: False | Cross validation: False | Epochs: 400
Model: SST | Testing: False | Cross validation: False | Epochs: 400
Model: SST | Testing: False | Cross validation: False | Epochs: 400
Model: SST | Testing: False | Cross validation: False | Epochs: 400
Model: SST | Testing: False | Cross validation: False | Epochs: 400
Model: SST | Testing: False | Cross validation: False | Epochs: 400
Model: SST | Testing: False | Cross validation: False | Epochs: 400
CUDA OOM error: CUDA out of memory. Tried to allocate 20.00 MiB. GPU 0 has a total capacity of 9.50 GiB of which 18.00 MiB is free. Including non-PyTorch memory, this process has 9.46 GiB memory in use. Of the allocated memory 9.11 GiB is allocated by PyTorch, and 255.83 MiB is reserved by PyTorch but unallocated. If reserved but unallocated memory is large try setting PYTORCH_CUDA_ALLOC_CONF=expandable_segments:True to avoid fragmentation.  See documentation for Memory Management  (https://pytorch.org/docs/stable/notes/cuda.html#environment-variables)
Model: SST | Testing: False | Cross validation: False | Epochs: 400
Model: SST | Testing: False | Cross validation: False | Epochs: 400
Model: SST | Testing: False | Cross validation: False | Epochs: 400
Model: SST | Testing: False | Cross validation: False | Epochs: 400
Model: SST | Testing: False | Cross validation: False | Epochs: 400
Model: SST | Testing: False | Cross validation: False | Epochs: 400
Model: SST | Testing: False | Cross validation: False | Epochs: 400
Model: SST | Testing: False | Cross validation: False | Epochs: 400
Model: SST | Testing: False | Cross validation: False | Epochs: 400
Model: SST | Testing: False | Cross validation: False | Epochs: 400
Model: SST | Testing: False | Cross validation: False | Epochs: 400
Model: SST | Testing: False | Cross validation: False | Epochs: 400
Model: SST | Testing: False | Cross validation: False | Epochs: 400
Model: SST | Testing: False | Cross validation: False | Epochs: 400
Model: SST | Testing: False | Cross validation: False | Epochs: 400
Model: SST | Testing: False | Cross validation: False | Epochs: 400
Model: SST | Testing: False | Cross validation: False | Epochs: 400
Model: SST | Testing: False | Cross validation: False | Epochs: 400
Model: SST | Testing: False | Cross validation: False | Epochs: 400
Model: SST | Testing: False | Cross validation: False | Epochs: 400
Model: SST | Testing: False | Cross validation: False | Epochs: 400
Model: SST | Testing: False | Cross validation: False | Epochs: 400
Model: SST | Testing: False | Cross validation: False | Epochs: 400
CUDA OOM error: CUDA out of memory. Tried to allocate 38.00 MiB. GPU 0 has a total capacity of 9.50 GiB of which 34.00 MiB is free. Including non-PyTorch memory, this process has 9.45 GiB memory in use. Of the allocated memory 9.13 GiB is allocated by PyTorch, and 216.06 MiB is reserved by PyTorch but unallocated. If reserved but unallocated memory is large try setting PYTORCH_CUDA_ALLOC_CONF=expandable_segments:True to avoid fragmentation.  See documentation for Memory Management  (https://pytorch.org/docs/stable/notes/cuda.html#environment-variables)
Number of finished trials:  50
  Best Loss: 1.4485596418380737
  Params: 
    learning_rate: 3.769757300217481e-06
    batch_size: 4
    n_layers: 13
    n_heads: 6
    dim: 1536
    hidden_dim: 6144
    weight_decay: 7.371194086908685e-06
    warmup_epochs: 36
    beta1: 0.9026654974735073
    beta2: 0.9703640891234611
    temperature: 1.2691553399399145
    accum_grad: 12
